
[43m[30m WARN [39m[49m Issue while reading "/Users/robertalvarez/Desktop/convex-panel/.npmrc". Failed to replace env in config: ${GITHUB_TOKEN}

> @convex-panel/panel@0.2.14 build /Users/robertalvarez/Desktop/convex-panel/packages/panel
> npm run copy-src && tsup


> @convex-panel/panel@0.2.14 copy-src
> node copy-src.js

[1G[0KSource files copied successfully!
[1G[0K⠙[1G[0K[34mCLI[39m Building entry: src/index.ts
[34mCLI[39m Using tsconfig: tsconfig.json
[34mCLI[39m tsup v8.5.1
[34mCLI[39m Using tsup config: /Users/robertalvarez/Desktop/convex-panel/packages/panel/tsup.config.ts
[34mCLI[39m Target: es2015
[34mCLI[39m Cleaning output folder
[34mCJS[39m Build start
[34mESM[39m Build start
DTS Build start
[32mESM[39m [1mdist/index.css        [22m[32m41.69 KB[39m
[32mESM[39m [1mdist/index.esm.js     [22m[32m485.66 KB[39m
[32mESM[39m [1mdist/index.css.map    [22m[32m67.01 KB[39m
[32mESM[39m [1mdist/index.esm.js.map [22m[32m838.17 KB[39m
[32mESM[39m ⚡️ Build success in 309ms
[32mCJS[39m [1mdist/index.js      [22m[32m510.13 KB[39m
[32mCJS[39m [1mdist/index.css     [22m[32m41.69 KB[39m
[32mCJS[39m [1mdist/index.css.map [22m[32m67.01 KB[39m
[32mCJS[39m [1mdist/index.js.map  [22m[32m829.67 KB[39m
[32mCJS[39m ⚡️ Build success in 310ms
DTS ⚡️ Build success in 4027ms
DTS dist/index.d.ts  20.30 KB
DTS dist/index.d.mts 20.30 KB
